<?xml version="1.0" encoding="UTF-8"?>
<testng-results ignored="0" total="1" passed="1" failed="0" skipped="0">
  <reporter-output>
  </reporter-output>
  <suite started-at="2024-04-25T08:29:37 IST" name="Suite" finished-at="2024-04-25T08:29:42 IST" duration-ms="5861">
    <groups>
    </groups>
    <test started-at="2024-04-25T08:29:37 IST" name="NEWDEMO" finished-at="2024-04-25T08:29:42 IST" duration-ms="5861">
      <class name="TESTDEMO.AmazonLogin">
        <test-method signature="f()[pri:0, instance:TESTDEMO.AmazonLogin@957e06]" started-at="2024-04-25T08:29:37 IST" name="f" finished-at="2024-04-25T08:29:42 IST" duration-ms="5819" status="PASS">
          <reporter-output>
          </reporter-output>
        </test-method> <!-- f -->
      </class> <!-- TESTDEMO.AmazonLogin -->
    </test> <!-- NEWDEMO -->
  </suite> <!-- Suite -->
</testng-results>
